Using pre-set license
Built from '2021.3/staging' branch; Version is '2021.3.16f1 (4016570cf34f) revision 4200023'; Using compiler version '192829333'; Build Type 'Release'
OS: 'Windows 10  (10.0.19045) 64bit Professional' Language: 'es' Physical Memory: 32581 MB
BatchMode: 1, IsHumanControllingUs: 0, StartBugReporterOnCrash: 0, Is64bit: 1, IsPro: 1

COMMAND LINE ARGUMENTS:
C:\Program Files\Unity\Hub\Editor\2021.3.16f1\Editor\Unity.exe
-adb2
-batchMode
-noUpm
-name
AssetImportWorker3
-projectPath
D:/UnityProyects/PuertoVania
-logFile
Logs/AssetImportWorker3.log
-srvPort
52306
Successfully changed project path to: D:/UnityProyects/PuertoVania
D:/UnityProyects/PuertoVania
[UnityMemory] Configuration Parameters - Can be set up in boot.config
    "memorysetup-bucket-allocator-granularity=16"
    "memorysetup-bucket-allocator-bucket-count=8"
    "memorysetup-bucket-allocator-block-size=33554432"
    "memorysetup-bucket-allocator-block-count=8"
    "memorysetup-main-allocator-block-size=16777216"
    "memorysetup-thread-allocator-block-size=16777216"
    "memorysetup-gfx-main-allocator-block-size=16777216"
    "memorysetup-gfx-thread-allocator-block-size=16777216"
    "memorysetup-cache-allocator-block-size=4194304"
    "memorysetup-typetree-allocator-block-size=2097152"
    "memorysetup-profiler-bucket-allocator-granularity=16"
    "memorysetup-profiler-bucket-allocator-bucket-count=8"
    "memorysetup-profiler-bucket-allocator-block-size=33554432"
    "memorysetup-profiler-bucket-allocator-block-count=8"
    "memorysetup-profiler-allocator-block-size=16777216"
    "memorysetup-profiler-editor-allocator-block-size=1048576"
    "memorysetup-temp-allocator-size-main=16777216"
    "memorysetup-job-temp-allocator-block-size=2097152"
    "memorysetup-job-temp-allocator-block-size-background=1048576"
    "memorysetup-job-temp-allocator-reduction-small-platforms=262144"
    "memorysetup-temp-allocator-size-background-worker=32768"
    "memorysetup-temp-allocator-size-job-worker=262144"
    "memorysetup-temp-allocator-size-preload-manager=33554432"
    "memorysetup-temp-allocator-size-nav-mesh-worker=65536"
    "memorysetup-temp-allocator-size-audio-worker=65536"
    "memorysetup-temp-allocator-size-cloud-worker=32768"
    "memorysetup-temp-allocator-size-gi-baking-worker=262144"
    "memorysetup-temp-allocator-size-gfx=262144"
Player connection [29796] Host "[IP] 192.168.1.117 [Port] 0 [Flags] 2 [Guid] 2198712580 [EditorId] 2198712580 [Version] 1048832 [Id] WindowsEditor(7,DESKTOP-ICJ0UU4) [Debug] 1 [PackageName] WindowsEditor [ProjectName] Editor" joined multi-casting on [225.0.0.222:54997]...

Player connection [29796] Host "[IP] 192.168.1.117 [Port] 0 [Flags] 2 [Guid] 2198712580 [EditorId] 2198712580 [Version] 1048832 [Id] WindowsEditor(7,DESKTOP-ICJ0UU4) [Debug] 1 [PackageName] WindowsEditor [ProjectName] Editor" joined alternative multi-casting on [225.0.0.222:34997]...

Refreshing native plugins compatible for Editor in 124.69 ms, found 4 plugins.
Preloading 0 native plugins for Editor in 0.00 ms.
Initialize engine version: 2021.3.16f1 (4016570cf34f)
[Subsystems] Discovering subsystems at path C:/Program Files/Unity/Hub/Editor/2021.3.16f1/Editor/Data/Resources/UnitySubsystems
[Subsystems] Discovering subsystems at path D:/UnityProyects/PuertoVania/Assets
GfxDevice: creating device client; threaded=0; jobified=0
Direct3D:
    Version:  Direct3D 11.0 [level 11.1]
    Renderer: NVIDIA GeForce RTX 3080 (ID=0x220a)
    Vendor:   NVIDIA
    VRAM:     12107 MB
    Driver:   31.0.15.3734
Initialize mono
Mono path[0] = 'C:/Program Files/Unity/Hub/Editor/2021.3.16f1/Editor/Data/Managed'
Mono path[1] = 'C:/Program Files/Unity/Hub/Editor/2021.3.16f1/Editor/Data/MonoBleedingEdge/lib/mono/unityjit-win32'
Mono config path = 'C:/Program Files/Unity/Hub/Editor/2021.3.16f1/Editor/Data/MonoBleedingEdge/etc'
Using monoOptions --debugger-agent=transport=dt_socket,embedding=1,server=y,suspend=n,address=127.0.0.1:56792
Begin MonoManager ReloadAssembly
Registering precompiled unity dll's ...
Register platform support module: C:/Program Files/Unity/Hub/Editor/2021.3.16f1/Editor/Data/PlaybackEngines/WebGLSupport/UnityEditor.WebGL.Extensions.dll
Register platform support module: C:/Program Files/Unity/Hub/Editor/2021.3.16f1/Editor/Data/PlaybackEngines/AndroidPlayer/UnityEditor.Android.Extensions.dll
Register platform support module: C:/Program Files/Unity/Hub/Editor/2021.3.16f1/Editor/Data/PlaybackEngines/WindowsStandaloneSupport/UnityEditor.WindowsStandalone.Extensions.dll
Registered in 0.011874 seconds.
Native extension for WindowsStandalone target not found
Native extension for Android target not found
Native extension for WebGL target not found
Refreshing native plugins compatible for Editor in 124.73 ms, found 4 plugins.
Preloading 0 native plugins for Editor in 0.00 ms.
Mono: successfully reloaded assembly
- Completed reload, in  0.773 seconds
Domain Reload Profiling:
	ReloadAssembly (773ms)
		BeginReloadAssembly (84ms)
			ExecutionOrderSort (0ms)
			DisableScriptedObjects (0ms)
			BackupInstance (0ms)
			ReleaseScriptingObjects (0ms)
			CreateAndSetChildDomain (1ms)
		EndReloadAssembly (560ms)
			LoadAssemblies (82ms)
			RebuildTransferFunctionScriptingTraits (0ms)
			SetupTypeCache (111ms)
			ReleaseScriptCaches (0ms)
			RebuildScriptCaches (39ms)
			SetupLoadedEditorAssemblies (351ms)
				LogAssemblyErrors (0ms)
				InitializePlatformSupportModulesInManaged (70ms)
				SetLoadedEditorAssemblies (0ms)
				RefreshPlugins (125ms)
				BeforeProcessingInitializeOnLoad (1ms)
				ProcessInitializeOnLoadAttributes (104ms)
				ProcessInitializeOnLoadMethodAttributes (51ms)
				AfterProcessingInitializeOnLoad (0ms)
				EditorAssembliesLoaded (0ms)
			ExecutionOrderSort2 (0ms)
			AwakeInstancesAfterBackupRestoration (0ms)
Platform modules already initialized, skipping
Registering precompiled user dll's ...
Registered in 0.005878 seconds.
Begin MonoManager ReloadAssembly
Symbol file LoadedFromMemory doesn't match image D:\UnityProyects\PuertoVania\Library\PackageCache\com.unity.visualscripting@1.7.8\Editor\VisualScripting.Core\Dependencies\YamlDotNet\Unity.VisualScripting.YamlDotNet.dll
Symbol file LoadedFromMemory doesn't match image D:\UnityProyects\PuertoVania\Library\PackageCache\com.unity.visualscripting@1.7.8\Editor\VisualScripting.Core\Dependencies\DotNetZip\Unity.VisualScripting.IonicZip.dll
Native extension for WindowsStandalone target not found
Native extension for Android target not found
Native extension for WebGL target not found
Refreshing native plugins compatible for Editor in 123.38 ms, found 4 plugins.
Preloading 0 native plugins for Editor in 0.00 ms.
Mono: successfully reloaded assembly
- Completed reload, in  1.529 seconds
Domain Reload Profiling:
	ReloadAssembly (1530ms)
		BeginReloadAssembly (186ms)
			ExecutionOrderSort (0ms)
			DisableScriptedObjects (6ms)
			BackupInstance (0ms)
			ReleaseScriptingObjects (0ms)
			CreateAndSetChildDomain (120ms)
		EndReloadAssembly (1207ms)
			LoadAssemblies (59ms)
			RebuildTransferFunctionScriptingTraits (0ms)
			SetupTypeCache (288ms)
			ReleaseScriptCaches (1ms)
			RebuildScriptCaches (66ms)
			SetupLoadedEditorAssemblies (717ms)
				LogAssemblyErrors (0ms)
				InitializePlatformSupportModulesInManaged (17ms)
				SetLoadedEditorAssemblies (0ms)
				RefreshPlugins (123ms)
				BeforeProcessingInitializeOnLoad (134ms)
				ProcessInitializeOnLoadAttributes (389ms)
				ProcessInitializeOnLoadMethodAttributes (43ms)
				AfterProcessingInitializeOnLoad (10ms)
				EditorAssembliesLoaded (0ms)
			ExecutionOrderSort2 (0ms)
			AwakeInstancesAfterBackupRestoration (7ms)
Platform modules already initialized, skipping
========================================================================
Worker process is ready to serve import requests
Launched and connected shader compiler UnityShaderCompiler.exe after 0.04 seconds
Refreshing native plugins compatible for Editor in 0.59 ms, found 4 plugins.
Preloading 0 native plugins for Editor in 0.00 ms.
Unloading 4569 Unused Serialized files (Serialized files now loaded: 0)
Unloading 60 unused Assets / (299.6 KB). Loaded Objects now: 5035.
Memory consumption went from 185.1 MB to 184.8 MB.
Total: 2.581600 ms (FindLiveObjects: 0.249700 ms CreateObjectMapping: 0.117500 ms MarkObjects: 2.081600 ms  DeleteObjects: 0.131900 ms)

AssetImportParameters requested are different than current active one (requested -> active):
  custom:video-decoder-ogg-theora: a1e56fd34408186e4bbccfd4996cb3dc -> 
  custom:container-muxer-webm: aa71ff27fc2769a1b78a27578f13a17b -> 
  custom:container-demuxer-webm: 4f35f7cbe854078d1ac9338744f61a02 -> 
  custom:video-encoder-webm-vp8: eb34c28f22e8b96e1ab97ce403110664 -> 
  custom:audio-encoder-webm-vorbis: bf7c407c2cedff20999df2af8eb42d56 -> 
  custom:framework-win-MediaFoundation: 216162199b28c13a410421893ffa2e32 -> 
  custom:container-demuxer-ogg: 62fdf1f143b41e24485cea50d1cbac27 -> 
  custom:video-decoder-webm-vp8: 9c59270c3fd7afecdb556c50c9e8de78 -> 
  custom:audio-decoder-ogg-vorbis: bf7c407c2cedff20999df2af8eb42d56 -> 
========================================================================
Received Import Request.
  Time since last request: 82877.297444 seconds.
  path: Assets/Halloween2023 GDTV/Prefabs/Rock_13.prefab
  artifactKey: Guid(c3e46acde7c23f84a8b4f2cbe4c83687) Importer(815301076,1909f56bfc062723c751e8b465ee728b)
Start importing Assets/Halloween2023 GDTV/Prefabs/Rock_13.prefab using Guid(c3e46acde7c23f84a8b4f2cbe4c83687) Importer(815301076,1909f56bfc062723c751e8b465ee728b)  -> (artifact id: 'c27ac8d843d43f1a8111217dcdc9fbca') in 0.128549 seconds 
========================================================================
Received Import Request.
  Time since last request: 3.383627 seconds.
  path: Assets/Halloween2023 GDTV/Models/Tree_2_Original.fbx
  artifactKey: Guid(38fa87c9010cbc5438ef710eeb20c14b) Importer(815301076,1909f56bfc062723c751e8b465ee728b)
Start importing Assets/Halloween2023 GDTV/Models/Tree_2_Original.fbx using Guid(38fa87c9010cbc5438ef710eeb20c14b) Importer(815301076,1909f56bfc062723c751e8b465ee728b)  -> (artifact id: '4359333bf659fe75e1f5a212b104495f') in 0.156275 seconds 
========================================================================
Received Import Request.
  Time since last request: 1.028446 seconds.
  path: Assets/Halloween2023 GDTV/Materials and Textures/Ground.mat
  artifactKey: Guid(2cb19aac07c76864db60eaafbb833997) Importer(815301076,1909f56bfc062723c751e8b465ee728b)
Start importing Assets/Halloween2023 GDTV/Materials and Textures/Ground.mat using Guid(2cb19aac07c76864db60eaafbb833997) Importer(815301076,1909f56bfc062723c751e8b465ee728b)  -> (artifact id: '409db6ff2826e4f042edc72f7d95b49c') in 0.046036 seconds 
========================================================================
Received Import Request.
  Time since last request: 0.000020 seconds.
  path: Assets/Halloween2023 GDTV/Materials and Textures/Rock.mat
  artifactKey: Guid(392e3982e0a3b1a49b152961be46a674) Importer(815301076,1909f56bfc062723c751e8b465ee728b)
Start importing Assets/Halloween2023 GDTV/Materials and Textures/Rock.mat using Guid(392e3982e0a3b1a49b152961be46a674) Importer(815301076,1909f56bfc062723c751e8b465ee728b)  -> (artifact id: '9d45aeefe065f1256b127957f73a681d') in 0.018500 seconds 
========================================================================
Received Import Request.
  Time since last request: 0.000023 seconds.
  path: Assets/Halloween2023 GDTV/Materials and Textures/Tree.mat
  artifactKey: Guid(ef574b883311bdb4287d688b2a39461a) Importer(815301076,1909f56bfc062723c751e8b465ee728b)
Start importing Assets/Halloween2023 GDTV/Materials and Textures/Tree.mat using Guid(ef574b883311bdb4287d688b2a39461a) Importer(815301076,1909f56bfc062723c751e8b465ee728b)  -> (artifact id: '147489fdeda9b5b763a140f77df039ac') in 0.012230 seconds 
========================================================================
Received Import Request.
  Time since last request: 7.174994 seconds.
  path: Assets/Halloween2023 GDTV/Models/Candle_Wide_2.fbx
  artifactKey: Guid(e98a1f0c0bfd7d14e80815d92797aa7b) Importer(815301076,1909f56bfc062723c751e8b465ee728b)
Start importing Assets/Halloween2023 GDTV/Models/Candle_Wide_2.fbx using Guid(e98a1f0c0bfd7d14e80815d92797aa7b) Importer(815301076,1909f56bfc062723c751e8b465ee728b)  -> (artifact id: '052b18dff5dd77dc00895f3df46612e1') in 0.029508 seconds 
========================================================================
Received Import Request.
  Time since last request: 0.000025 seconds.
  path: Assets/Halloween2023 GDTV/Models/Cat.fbx
  artifactKey: Guid(29e28a7bb8db66844ace5adbda7074c7) Importer(815301076,1909f56bfc062723c751e8b465ee728b)
Start importing Assets/Halloween2023 GDTV/Models/Cat.fbx using Guid(29e28a7bb8db66844ace5adbda7074c7) Importer(815301076,1909f56bfc062723c751e8b465ee728b)  -> (artifact id: 'da6cb24f2a17af6d2a35f9d2d773f34d') in 0.132003 seconds 
