Using pre-set license
Built from '2021.3/staging' branch; Version is '2021.3.16f1 (4016570cf34f) revision 4200023'; Using compiler version '192829333'; Build Type 'Release'
OS: 'Windows 10  (10.0.19045) 64bit Professional' Language: 'es' Physical Memory: 32581 MB
BatchMode: 1, IsHumanControllingUs: 0, StartBugReporterOnCrash: 0, Is64bit: 1, IsPro: 1

COMMAND LINE ARGUMENTS:
C:\Program Files\Unity\Hub\Editor\2021.3.16f1\Editor\Unity.exe
-adb2
-batchMode
-noUpm
-name
AssetImportWorker2
-projectPath
D:/UnityProyects/PuertoVania
-logFile
Logs/AssetImportWorker2.log
-srvPort
52306
Successfully changed project path to: D:/UnityProyects/PuertoVania
D:/UnityProyects/PuertoVania
[UnityMemory] Configuration Parameters - Can be set up in boot.config
    "memorysetup-bucket-allocator-granularity=16"
    "memorysetup-bucket-allocator-bucket-count=8"
    "memorysetup-bucket-allocator-block-size=33554432"
    "memorysetup-bucket-allocator-block-count=8"
    "memorysetup-main-allocator-block-size=16777216"
    "memorysetup-thread-allocator-block-size=16777216"
    "memorysetup-gfx-main-allocator-block-size=16777216"
    "memorysetup-gfx-thread-allocator-block-size=16777216"
    "memorysetup-cache-allocator-block-size=4194304"
    "memorysetup-typetree-allocator-block-size=2097152"
    "memorysetup-profiler-bucket-allocator-granularity=16"
    "memorysetup-profiler-bucket-allocator-bucket-count=8"
    "memorysetup-profiler-bucket-allocator-block-size=33554432"
    "memorysetup-profiler-bucket-allocator-block-count=8"
    "memorysetup-profiler-allocator-block-size=16777216"
    "memorysetup-profiler-editor-allocator-block-size=1048576"
    "memorysetup-temp-allocator-size-main=16777216"
    "memorysetup-job-temp-allocator-block-size=2097152"
    "memorysetup-job-temp-allocator-block-size-background=1048576"
    "memorysetup-job-temp-allocator-reduction-small-platforms=262144"
    "memorysetup-temp-allocator-size-background-worker=32768"
    "memorysetup-temp-allocator-size-job-worker=262144"
    "memorysetup-temp-allocator-size-preload-manager=33554432"
    "memorysetup-temp-allocator-size-nav-mesh-worker=65536"
    "memorysetup-temp-allocator-size-audio-worker=65536"
    "memorysetup-temp-allocator-size-cloud-worker=32768"
    "memorysetup-temp-allocator-size-gi-baking-worker=262144"
    "memorysetup-temp-allocator-size-gfx=262144"
Player connection [29884] Host "[IP] 192.168.1.117 [Port] 0 [Flags] 2 [Guid] 74272048 [EditorId] 74272048 [Version] 1048832 [Id] WindowsEditor(7,DESKTOP-ICJ0UU4) [Debug] 1 [PackageName] WindowsEditor [ProjectName] Editor" joined multi-casting on [225.0.0.222:54997]...

Player connection [29884] Host "[IP] 192.168.1.117 [Port] 0 [Flags] 2 [Guid] 74272048 [EditorId] 74272048 [Version] 1048832 [Id] WindowsEditor(7,DESKTOP-ICJ0UU4) [Debug] 1 [PackageName] WindowsEditor [ProjectName] Editor" joined alternative multi-casting on [225.0.0.222:34997]...

Refreshing native plugins compatible for Editor in 135.17 ms, found 4 plugins.
Preloading 0 native plugins for Editor in 0.00 ms.
Initialize engine version: 2021.3.16f1 (4016570cf34f)
[Subsystems] Discovering subsystems at path C:/Program Files/Unity/Hub/Editor/2021.3.16f1/Editor/Data/Resources/UnitySubsystems
[Subsystems] Discovering subsystems at path D:/UnityProyects/PuertoVania/Assets
GfxDevice: creating device client; threaded=0; jobified=0
Direct3D:
    Version:  Direct3D 11.0 [level 11.1]
    Renderer: NVIDIA GeForce RTX 3080 (ID=0x220a)
    Vendor:   NVIDIA
    VRAM:     12107 MB
    Driver:   31.0.15.3734
Initialize mono
Mono path[0] = 'C:/Program Files/Unity/Hub/Editor/2021.3.16f1/Editor/Data/Managed'
Mono path[1] = 'C:/Program Files/Unity/Hub/Editor/2021.3.16f1/Editor/Data/MonoBleedingEdge/lib/mono/unityjit-win32'
Mono config path = 'C:/Program Files/Unity/Hub/Editor/2021.3.16f1/Editor/Data/MonoBleedingEdge/etc'
Using monoOptions --debugger-agent=transport=dt_socket,embedding=1,server=y,suspend=n,address=127.0.0.1:56880
Begin MonoManager ReloadAssembly
Registering precompiled unity dll's ...
Register platform support module: C:/Program Files/Unity/Hub/Editor/2021.3.16f1/Editor/Data/PlaybackEngines/WebGLSupport/UnityEditor.WebGL.Extensions.dll
Register platform support module: C:/Program Files/Unity/Hub/Editor/2021.3.16f1/Editor/Data/PlaybackEngines/AndroidPlayer/UnityEditor.Android.Extensions.dll
Register platform support module: C:/Program Files/Unity/Hub/Editor/2021.3.16f1/Editor/Data/PlaybackEngines/WindowsStandaloneSupport/UnityEditor.WindowsStandalone.Extensions.dll
Registered in 0.012981 seconds.
Native extension for WindowsStandalone target not found
Native extension for Android target not found
Native extension for WebGL target not found
Refreshing native plugins compatible for Editor in 135.48 ms, found 4 plugins.
Preloading 0 native plugins for Editor in 0.00 ms.
Mono: successfully reloaded assembly
- Completed reload, in  0.771 seconds
Domain Reload Profiling:
	ReloadAssembly (771ms)
		BeginReloadAssembly (62ms)
			ExecutionOrderSort (0ms)
			DisableScriptedObjects (0ms)
			BackupInstance (0ms)
			ReleaseScriptingObjects (0ms)
			CreateAndSetChildDomain (0ms)
		EndReloadAssembly (576ms)
			LoadAssemblies (62ms)
			RebuildTransferFunctionScriptingTraits (0ms)
			SetupTypeCache (111ms)
			ReleaseScriptCaches (0ms)
			RebuildScriptCaches (36ms)
			SetupLoadedEditorAssemblies (373ms)
				LogAssemblyErrors (0ms)
				InitializePlatformSupportModulesInManaged (70ms)
				SetLoadedEditorAssemblies (0ms)
				RefreshPlugins (136ms)
				BeforeProcessingInitializeOnLoad (1ms)
				ProcessInitializeOnLoadAttributes (117ms)
				ProcessInitializeOnLoadMethodAttributes (49ms)
				AfterProcessingInitializeOnLoad (0ms)
				EditorAssembliesLoaded (0ms)
			ExecutionOrderSort2 (0ms)
			AwakeInstancesAfterBackupRestoration (0ms)
Platform modules already initialized, skipping
Registering precompiled user dll's ...
Registered in 0.005863 seconds.
Begin MonoManager ReloadAssembly
Symbol file LoadedFromMemory doesn't match image D:\UnityProyects\PuertoVania\Library\PackageCache\com.unity.visualscripting@1.7.8\Editor\VisualScripting.Core\Dependencies\YamlDotNet\Unity.VisualScripting.YamlDotNet.dll
Symbol file LoadedFromMemory doesn't match image D:\UnityProyects\PuertoVania\Library\PackageCache\com.unity.visualscripting@1.7.8\Editor\VisualScripting.Core\Dependencies\DotNetZip\Unity.VisualScripting.IonicZip.dll
Native extension for WindowsStandalone target not found
Native extension for Android target not found
Native extension for WebGL target not found
Refreshing native plugins compatible for Editor in 114.04 ms, found 4 plugins.
Preloading 0 native plugins for Editor in 0.00 ms.
Mono: successfully reloaded assembly
- Completed reload, in  1.533 seconds
Domain Reload Profiling:
	ReloadAssembly (1534ms)
		BeginReloadAssembly (219ms)
			ExecutionOrderSort (0ms)
			DisableScriptedObjects (7ms)
			BackupInstance (0ms)
			ReleaseScriptingObjects (0ms)
			CreateAndSetChildDomain (129ms)
		EndReloadAssembly (1184ms)
			LoadAssemblies (72ms)
			RebuildTransferFunctionScriptingTraits (0ms)
			SetupTypeCache (288ms)
			ReleaseScriptCaches (1ms)
			RebuildScriptCaches (66ms)
			SetupLoadedEditorAssemblies (685ms)
				LogAssemblyErrors (0ms)
				InitializePlatformSupportModulesInManaged (17ms)
				SetLoadedEditorAssemblies (0ms)
				RefreshPlugins (114ms)
				BeforeProcessingInitializeOnLoad (117ms)
				ProcessInitializeOnLoadAttributes (381ms)
				ProcessInitializeOnLoadMethodAttributes (45ms)
				AfterProcessingInitializeOnLoad (11ms)
				EditorAssembliesLoaded (0ms)
			ExecutionOrderSort2 (0ms)
			AwakeInstancesAfterBackupRestoration (8ms)
Platform modules already initialized, skipping
========================================================================
Worker process is ready to serve import requests
Launched and connected shader compiler UnityShaderCompiler.exe after 0.04 seconds
Refreshing native plugins compatible for Editor in 0.67 ms, found 4 plugins.
Preloading 0 native plugins for Editor in 0.00 ms.
Unloading 4569 Unused Serialized files (Serialized files now loaded: 0)
Unloading 60 unused Assets / (299.6 KB). Loaded Objects now: 5035.
Memory consumption went from 185.1 MB to 184.8 MB.
Total: 2.525200 ms (FindLiveObjects: 0.207600 ms CreateObjectMapping: 0.108500 ms MarkObjects: 2.091900 ms  DeleteObjects: 0.116500 ms)

AssetImportParameters requested are different than current active one (requested -> active):
  custom:video-decoder-ogg-theora: a1e56fd34408186e4bbccfd4996cb3dc -> 
  custom:container-muxer-webm: aa71ff27fc2769a1b78a27578f13a17b -> 
  custom:container-demuxer-webm: 4f35f7cbe854078d1ac9338744f61a02 -> 
  custom:video-encoder-webm-vp8: eb34c28f22e8b96e1ab97ce403110664 -> 
  custom:audio-encoder-webm-vorbis: bf7c407c2cedff20999df2af8eb42d56 -> 
  custom:framework-win-MediaFoundation: 216162199b28c13a410421893ffa2e32 -> 
  custom:container-demuxer-ogg: 62fdf1f143b41e24485cea50d1cbac27 -> 
  custom:video-decoder-webm-vp8: 9c59270c3fd7afecdb556c50c9e8de78 -> 
  custom:audio-decoder-ogg-vorbis: bf7c407c2cedff20999df2af8eb42d56 -> 
========================================================================
Received Import Request.
  Time since last request: 82876.517217 seconds.
  path: Assets/Halloween2023 GDTV/Prefabs/Rock_6.prefab
  artifactKey: Guid(1ecd45e25a108824e9634ac60ddf2698) Importer(815301076,1909f56bfc062723c751e8b465ee728b)
Start importing Assets/Halloween2023 GDTV/Prefabs/Rock_6.prefab using Guid(1ecd45e25a108824e9634ac60ddf2698) Importer(815301076,1909f56bfc062723c751e8b465ee728b)  -> (artifact id: 'b0cfdd2b94890cbafce48fffeaed2530') in 0.114189 seconds 
========================================================================
Received Import Request.
  Time since last request: 0.647487 seconds.
  path: Assets/Halloween2023 GDTV/Prefabs/Rock_10.prefab
  artifactKey: Guid(51bb3b3abe57ef946aeaeb893262a675) Importer(815301076,1909f56bfc062723c751e8b465ee728b)
Start importing Assets/Halloween2023 GDTV/Prefabs/Rock_10.prefab using Guid(51bb3b3abe57ef946aeaeb893262a675) Importer(815301076,1909f56bfc062723c751e8b465ee728b)  -> (artifact id: '3a52394202468b6f75a5cdf33e41bc75') in 0.054131 seconds 
========================================================================
Received Import Request.
  Time since last request: 0.000026 seconds.
  path: Assets/Halloween2023 GDTV/Prefabs/Tree_2k.prefab
  artifactKey: Guid(fabb8f1698ce7b74f844182be02e9ffd) Importer(815301076,1909f56bfc062723c751e8b465ee728b)
Start importing Assets/Halloween2023 GDTV/Prefabs/Tree_2k.prefab using Guid(fabb8f1698ce7b74f844182be02e9ffd) Importer(815301076,1909f56bfc062723c751e8b465ee728b)  -> (artifact id: '5d6eb2445f2849ceccf7cd6e18aff7fd') in 0.020717 seconds 
========================================================================
Received Import Request.
  Time since last request: 0.000029 seconds.
  path: Assets/Halloween2023 GDTV/Prefabs/Tree_Original.prefab
  artifactKey: Guid(7a64d8d0c982b894bac7ff54f6186efd) Importer(815301076,1909f56bfc062723c751e8b465ee728b)
Start importing Assets/Halloween2023 GDTV/Prefabs/Tree_Original.prefab using Guid(7a64d8d0c982b894bac7ff54f6186efd) Importer(815301076,1909f56bfc062723c751e8b465ee728b)  -> (artifact id: 'ff7a0f172f2da5fab685b386afc5976a') in 0.021677 seconds 
========================================================================
Received Import Request.
  Time since last request: 3.409236 seconds.
  path: Assets/Halloween2023 GDTV/Models/Tree_2_4K.fbx
  artifactKey: Guid(210e950b74ff6464aaeaacdd9568e5a2) Importer(815301076,1909f56bfc062723c751e8b465ee728b)
Start importing Assets/Halloween2023 GDTV/Models/Tree_2_4K.fbx using Guid(210e950b74ff6464aaeaacdd9568e5a2) Importer(815301076,1909f56bfc062723c751e8b465ee728b)  -> (artifact id: 'db1d5622e61db48a88511c1c3bc3bbb6') in 0.130196 seconds 
========================================================================
Received Import Request.
  Time since last request: 1.044330 seconds.
  path: Assets/Halloween2023 GDTV/Materials and Textures/Grave 1.mat
  artifactKey: Guid(6ce5f58e9bd468a48b8ca19a79a7b727) Importer(815301076,1909f56bfc062723c751e8b465ee728b)
Start importing Assets/Halloween2023 GDTV/Materials and Textures/Grave 1.mat using Guid(6ce5f58e9bd468a48b8ca19a79a7b727) Importer(815301076,1909f56bfc062723c751e8b465ee728b)  -> (artifact id: 'c0fe225169da2f5f9bc6a7f0073c2b08') in 0.066220 seconds 
========================================================================
Received Import Request.
  Time since last request: 0.000019 seconds.
  path: Assets/Halloween2023 GDTV/Materials and Textures/Moon.mat
  artifactKey: Guid(a0d79baeda9adb4438284704734694dd) Importer(815301076,1909f56bfc062723c751e8b465ee728b)
Start importing Assets/Halloween2023 GDTV/Materials and Textures/Moon.mat using Guid(a0d79baeda9adb4438284704734694dd) Importer(815301076,1909f56bfc062723c751e8b465ee728b)  -> (artifact id: '3a0ece87dc95eeda07226db912b45bac') in 0.008015 seconds 
========================================================================
Received Import Request.
  Time since last request: 0.000052 seconds.
  path: Assets/Halloween2023 GDTV/Materials and Textures/Pumpkin Stem.mat
  artifactKey: Guid(0e2be4c653d0ca04a8553cef567e8021) Importer(815301076,1909f56bfc062723c751e8b465ee728b)
Start importing Assets/Halloween2023 GDTV/Materials and Textures/Pumpkin Stem.mat using Guid(0e2be4c653d0ca04a8553cef567e8021) Importer(815301076,1909f56bfc062723c751e8b465ee728b)  -> (artifact id: '56bcc254401501e6dadb00c45647a605') in 0.013213 seconds 
========================================================================
Received Import Request.
  Time since last request: 1.536439 seconds.
  path: Assets/Halloween2023 GDTV/Materials and Textures/Fence Iron.mat
  artifactKey: Guid(9a08b903a3a68144b8cb693161f40e4b) Importer(815301076,1909f56bfc062723c751e8b465ee728b)
Start importing Assets/Halloween2023 GDTV/Materials and Textures/Fence Iron.mat using Guid(9a08b903a3a68144b8cb693161f40e4b) Importer(815301076,1909f56bfc062723c751e8b465ee728b)  -> (artifact id: '818b03bccb472379f69ff92cb8376c99') in 0.031090 seconds 
========================================================================
Received Import Request.
  Time since last request: 0.061198 seconds.
  path: Assets/Halloween2023 GDTV/Materials and Textures/Cat.mat
  artifactKey: Guid(3f37c563bd94b0a4dbcee8de3d9835a5) Importer(815301076,1909f56bfc062723c751e8b465ee728b)
Start importing Assets/Halloween2023 GDTV/Materials and Textures/Cat.mat using Guid(3f37c563bd94b0a4dbcee8de3d9835a5) Importer(815301076,1909f56bfc062723c751e8b465ee728b)  -> (artifact id: 'c819928701cdb22799fb20a1be904d3a') in 0.012198 seconds 
========================================================================
Received Import Request.
  Time since last request: 1.520713 seconds.
  path: Assets/Halloween2023 GDTV/Materials and Textures/Candle Flame.mat
  artifactKey: Guid(102c19e8115d75548a2d8978ad90a024) Importer(815301076,1909f56bfc062723c751e8b465ee728b)
Start importing Assets/Halloween2023 GDTV/Materials and Textures/Candle Flame.mat using Guid(102c19e8115d75548a2d8978ad90a024) Importer(815301076,1909f56bfc062723c751e8b465ee728b)  -> (artifact id: '6a19720f6cdb6d4ac425d570a17acb2a') in 0.018428 seconds 
========================================================================
Received Import Request.
  Time since last request: 3.957328 seconds.
  path: Assets/Halloween2023 GDTV/Models/Candle_2.fbx
  artifactKey: Guid(eab25618d8a824a47babf3492e3074e8) Importer(815301076,1909f56bfc062723c751e8b465ee728b)
Start importing Assets/Halloween2023 GDTV/Models/Candle_2.fbx using Guid(eab25618d8a824a47babf3492e3074e8) Importer(815301076,1909f56bfc062723c751e8b465ee728b)  -> (artifact id: 'bc6458f8ab99288a6b945445c32082dd') in 0.032268 seconds 
========================================================================
Received Import Request.
  Time since last request: 0.000024 seconds.
  path: Assets/Halloween2023 GDTV/Models/Coffin_Leaning.fbx
  artifactKey: Guid(9b963486a4a0fa94285060be39e7397a) Importer(815301076,1909f56bfc062723c751e8b465ee728b)
Start importing Assets/Halloween2023 GDTV/Models/Coffin_Leaning.fbx using Guid(9b963486a4a0fa94285060be39e7397a) Importer(815301076,1909f56bfc062723c751e8b465ee728b)  -> (artifact id: '881acc2505dd17f08cb1f0464ff68977') in 0.038368 seconds 
========================================================================
Received Import Request.
  Time since last request: 0.000028 seconds.
  path: Assets/Halloween2023 GDTV/Models/Coffin_Lid.fbx
  artifactKey: Guid(ab0c3a9d4385be34d9464b36fc01b388) Importer(815301076,1909f56bfc062723c751e8b465ee728b)
Start importing Assets/Halloween2023 GDTV/Models/Coffin_Lid.fbx using Guid(ab0c3a9d4385be34d9464b36fc01b388) Importer(815301076,1909f56bfc062723c751e8b465ee728b)  -> (artifact id: '24f7d696a312246ac748ba24b42a457f') in 0.023325 seconds 
========================================================================
Received Import Request.
  Time since last request: 0.000021 seconds.
  path: Assets/Halloween2023 GDTV/Models/Cloud_4.fbx
  artifactKey: Guid(ff50880aa5239b54da877e4769377c22) Importer(815301076,1909f56bfc062723c751e8b465ee728b)
Start importing Assets/Halloween2023 GDTV/Models/Cloud_4.fbx using Guid(ff50880aa5239b54da877e4769377c22) Importer(815301076,1909f56bfc062723c751e8b465ee728b)  -> (artifact id: '774aabdf279d450922e207827f1a5887') in 0.068997 seconds 
