Using pre-set license
Built from '2021.3/staging' branch; Version is '2021.3.16f1 (4016570cf34f) revision 4200023'; Using compiler version '192829333'; Build Type 'Release'
OS: 'Windows 10  (10.0.19045) 64bit Professional' Language: 'es' Physical Memory: 32581 MB
BatchMode: 1, IsHumanControllingUs: 0, StartBugReporterOnCrash: 0, Is64bit: 1, IsPro: 1

COMMAND LINE ARGUMENTS:
C:\Program Files\Unity\Hub\Editor\2021.3.16f1\Editor\Unity.exe
-adb2
-batchMode
-noUpm
-name
AssetImportWorker4
-projectPath
D:/UnityProyects/PuertoVania
-logFile
Logs/AssetImportWorker4.log
-srvPort
52306
Successfully changed project path to: D:/UnityProyects/PuertoVania
D:/UnityProyects/PuertoVania
[UnityMemory] Configuration Parameters - Can be set up in boot.config
    "memorysetup-bucket-allocator-granularity=16"
    "memorysetup-bucket-allocator-bucket-count=8"
    "memorysetup-bucket-allocator-block-size=33554432"
    "memorysetup-bucket-allocator-block-count=8"
    "memorysetup-main-allocator-block-size=16777216"
    "memorysetup-thread-allocator-block-size=16777216"
    "memorysetup-gfx-main-allocator-block-size=16777216"
    "memorysetup-gfx-thread-allocator-block-size=16777216"
    "memorysetup-cache-allocator-block-size=4194304"
    "memorysetup-typetree-allocator-block-size=2097152"
    "memorysetup-profiler-bucket-allocator-granularity=16"
    "memorysetup-profiler-bucket-allocator-bucket-count=8"
    "memorysetup-profiler-bucket-allocator-block-size=33554432"
    "memorysetup-profiler-bucket-allocator-block-count=8"
    "memorysetup-profiler-allocator-block-size=16777216"
    "memorysetup-profiler-editor-allocator-block-size=1048576"
    "memorysetup-temp-allocator-size-main=16777216"
    "memorysetup-job-temp-allocator-block-size=2097152"
    "memorysetup-job-temp-allocator-block-size-background=1048576"
    "memorysetup-job-temp-allocator-reduction-small-platforms=262144"
    "memorysetup-temp-allocator-size-background-worker=32768"
    "memorysetup-temp-allocator-size-job-worker=262144"
    "memorysetup-temp-allocator-size-preload-manager=33554432"
    "memorysetup-temp-allocator-size-nav-mesh-worker=65536"
    "memorysetup-temp-allocator-size-audio-worker=65536"
    "memorysetup-temp-allocator-size-cloud-worker=32768"
    "memorysetup-temp-allocator-size-gi-baking-worker=262144"
    "memorysetup-temp-allocator-size-gfx=262144"
Player connection [29908] Host "[IP] 192.168.1.117 [Port] 0 [Flags] 2 [Guid] 1872720362 [EditorId] 1872720362 [Version] 1048832 [Id] WindowsEditor(7,DESKTOP-ICJ0UU4) [Debug] 1 [PackageName] WindowsEditor [ProjectName] Editor" joined multi-casting on [225.0.0.222:54997]...

Player connection [29908] Host "[IP] 192.168.1.117 [Port] 0 [Flags] 2 [Guid] 1872720362 [EditorId] 1872720362 [Version] 1048832 [Id] WindowsEditor(7,DESKTOP-ICJ0UU4) [Debug] 1 [PackageName] WindowsEditor [ProjectName] Editor" joined alternative multi-casting on [225.0.0.222:34997]...

Refreshing native plugins compatible for Editor in 124.38 ms, found 4 plugins.
Preloading 0 native plugins for Editor in 0.00 ms.
Initialize engine version: 2021.3.16f1 (4016570cf34f)
[Subsystems] Discovering subsystems at path C:/Program Files/Unity/Hub/Editor/2021.3.16f1/Editor/Data/Resources/UnitySubsystems
[Subsystems] Discovering subsystems at path D:/UnityProyects/PuertoVania/Assets
GfxDevice: creating device client; threaded=0; jobified=0
Direct3D:
    Version:  Direct3D 11.0 [level 11.1]
    Renderer: NVIDIA GeForce RTX 3080 (ID=0x220a)
    Vendor:   NVIDIA
    VRAM:     12107 MB
    Driver:   31.0.15.3734
Initialize mono
Mono path[0] = 'C:/Program Files/Unity/Hub/Editor/2021.3.16f1/Editor/Data/Managed'
Mono path[1] = 'C:/Program Files/Unity/Hub/Editor/2021.3.16f1/Editor/Data/MonoBleedingEdge/lib/mono/unityjit-win32'
Mono config path = 'C:/Program Files/Unity/Hub/Editor/2021.3.16f1/Editor/Data/MonoBleedingEdge/etc'
Using monoOptions --debugger-agent=transport=dt_socket,embedding=1,server=y,suspend=n,address=127.0.0.1:56904
Begin MonoManager ReloadAssembly
Registering precompiled unity dll's ...
Register platform support module: C:/Program Files/Unity/Hub/Editor/2021.3.16f1/Editor/Data/PlaybackEngines/WebGLSupport/UnityEditor.WebGL.Extensions.dll
Register platform support module: C:/Program Files/Unity/Hub/Editor/2021.3.16f1/Editor/Data/PlaybackEngines/AndroidPlayer/UnityEditor.Android.Extensions.dll
Register platform support module: C:/Program Files/Unity/Hub/Editor/2021.3.16f1/Editor/Data/PlaybackEngines/WindowsStandaloneSupport/UnityEditor.WindowsStandalone.Extensions.dll
Registered in 0.011867 seconds.
Native extension for WindowsStandalone target not found
Native extension for Android target not found
Native extension for WebGL target not found
Refreshing native plugins compatible for Editor in 126.29 ms, found 4 plugins.
Preloading 0 native plugins for Editor in 0.00 ms.
Mono: successfully reloaded assembly
- Completed reload, in  0.763 seconds
Domain Reload Profiling:
	ReloadAssembly (763ms)
		BeginReloadAssembly (61ms)
			ExecutionOrderSort (0ms)
			DisableScriptedObjects (0ms)
			BackupInstance (0ms)
			ReleaseScriptingObjects (0ms)
			CreateAndSetChildDomain (0ms)
		EndReloadAssembly (570ms)
			LoadAssemblies (61ms)
			RebuildTransferFunctionScriptingTraits (0ms)
			SetupTypeCache (109ms)
			ReleaseScriptCaches (0ms)
			RebuildScriptCaches (36ms)
			SetupLoadedEditorAssemblies (368ms)
				LogAssemblyErrors (0ms)
				InitializePlatformSupportModulesInManaged (71ms)
				SetLoadedEditorAssemblies (3ms)
				RefreshPlugins (126ms)
				BeforeProcessingInitializeOnLoad (1ms)
				ProcessInitializeOnLoadAttributes (116ms)
				ProcessInitializeOnLoadMethodAttributes (49ms)
				AfterProcessingInitializeOnLoad (0ms)
				EditorAssembliesLoaded (0ms)
			ExecutionOrderSort2 (0ms)
			AwakeInstancesAfterBackupRestoration (0ms)
Platform modules already initialized, skipping
Registering precompiled user dll's ...
Registered in 0.005763 seconds.
Begin MonoManager ReloadAssembly
Symbol file LoadedFromMemory doesn't match image D:\UnityProyects\PuertoVania\Library\PackageCache\com.unity.visualscripting@1.7.8\Editor\VisualScripting.Core\Dependencies\YamlDotNet\Unity.VisualScripting.YamlDotNet.dll
Symbol file LoadedFromMemory doesn't match image D:\UnityProyects\PuertoVania\Library\PackageCache\com.unity.visualscripting@1.7.8\Editor\VisualScripting.Core\Dependencies\DotNetZip\Unity.VisualScripting.IonicZip.dll
Native extension for WindowsStandalone target not found
Native extension for Android target not found
Native extension for WebGL target not found
Refreshing native plugins compatible for Editor in 114.54 ms, found 4 plugins.
Preloading 0 native plugins for Editor in 0.00 ms.
Mono: successfully reloaded assembly
- Completed reload, in  1.551 seconds
Domain Reload Profiling:
	ReloadAssembly (1552ms)
		BeginReloadAssembly (234ms)
			ExecutionOrderSort (0ms)
			DisableScriptedObjects (6ms)
			BackupInstance (0ms)
			ReleaseScriptingObjects (0ms)
			CreateAndSetChildDomain (134ms)
		EndReloadAssembly (1186ms)
			LoadAssemblies (94ms)
			RebuildTransferFunctionScriptingTraits (0ms)
			SetupTypeCache (286ms)
			ReleaseScriptCaches (1ms)
			RebuildScriptCaches (66ms)
			SetupLoadedEditorAssemblies (688ms)
				LogAssemblyErrors (0ms)
				InitializePlatformSupportModulesInManaged (17ms)
				SetLoadedEditorAssemblies (0ms)
				RefreshPlugins (115ms)
				BeforeProcessingInitializeOnLoad (118ms)
				ProcessInitializeOnLoadAttributes (383ms)
				ProcessInitializeOnLoadMethodAttributes (43ms)
				AfterProcessingInitializeOnLoad (11ms)
				EditorAssembliesLoaded (0ms)
			ExecutionOrderSort2 (0ms)
			AwakeInstancesAfterBackupRestoration (8ms)
Platform modules already initialized, skipping
========================================================================
Worker process is ready to serve import requests
Launched and connected shader compiler UnityShaderCompiler.exe after 0.04 seconds
Refreshing native plugins compatible for Editor in 0.84 ms, found 4 plugins.
Preloading 0 native plugins for Editor in 0.00 ms.
Unloading 4569 Unused Serialized files (Serialized files now loaded: 0)
Unloading 60 unused Assets / (299.6 KB). Loaded Objects now: 5035.
Memory consumption went from 185.1 MB to 184.8 MB.
Total: 4.220300 ms (FindLiveObjects: 0.539400 ms CreateObjectMapping: 0.187800 ms MarkObjects: 3.290900 ms  DeleteObjects: 0.200400 ms)

AssetImportParameters requested are different than current active one (requested -> active):
  custom:video-decoder-ogg-theora: a1e56fd34408186e4bbccfd4996cb3dc -> 
  custom:container-muxer-webm: aa71ff27fc2769a1b78a27578f13a17b -> 
  custom:container-demuxer-webm: 4f35f7cbe854078d1ac9338744f61a02 -> 
  custom:video-encoder-webm-vp8: eb34c28f22e8b96e1ab97ce403110664 -> 
  custom:audio-encoder-webm-vorbis: bf7c407c2cedff20999df2af8eb42d56 -> 
  custom:framework-win-MediaFoundation: 216162199b28c13a410421893ffa2e32 -> 
  custom:container-demuxer-ogg: 62fdf1f143b41e24485cea50d1cbac27 -> 
  custom:video-decoder-webm-vp8: 9c59270c3fd7afecdb556c50c9e8de78 -> 
  custom:audio-decoder-ogg-vorbis: bf7c407c2cedff20999df2af8eb42d56 -> 
========================================================================
Received Import Request.
  Time since last request: 82876.552659 seconds.
  path: Assets/Halloween2023 GDTV/Prefabs/Pumpkin_Tall.prefab
  artifactKey: Guid(da0a53c83e9f584418f51e80f7bd6175) Importer(815301076,1909f56bfc062723c751e8b465ee728b)
Start importing Assets/Halloween2023 GDTV/Prefabs/Pumpkin_Tall.prefab using Guid(da0a53c83e9f584418f51e80f7bd6175) Importer(815301076,1909f56bfc062723c751e8b465ee728b)  -> (artifact id: '362d8581e51f8df5789ede6ea9bb1d61') in 0.307222 seconds 
========================================================================
Received Import Request.
  Time since last request: 0.417650 seconds.
  path: Assets/Halloween2023 GDTV/Prefabs/Rock_9.prefab
  artifactKey: Guid(ddaef6bda7541bb43b58a888c02efe5a) Importer(815301076,1909f56bfc062723c751e8b465ee728b)
Start importing Assets/Halloween2023 GDTV/Prefabs/Rock_9.prefab using Guid(ddaef6bda7541bb43b58a888c02efe5a) Importer(815301076,1909f56bfc062723c751e8b465ee728b)  -> (artifact id: '93b262c2d53e2874c7a03ea789a35d6a') in 0.027672 seconds 
========================================================================
Received Import Request.
  Time since last request: 0.000024 seconds.
  path: Assets/Halloween2023 GDTV/Prefabs/Tree_2_15K.prefab
  artifactKey: Guid(f2d447424c9d32a44ae094e8e100497f) Importer(815301076,1909f56bfc062723c751e8b465ee728b)
Start importing Assets/Halloween2023 GDTV/Prefabs/Tree_2_15K.prefab using Guid(f2d447424c9d32a44ae094e8e100497f) Importer(815301076,1909f56bfc062723c751e8b465ee728b)  -> (artifact id: 'cc683959666d1cbc56c7c86b1e39ede2') in 0.022286 seconds 
========================================================================
Received Import Request.
  Time since last request: 0.000021 seconds.
  path: Assets/Halloween2023 GDTV/Prefabs/Tree_4k.prefab
  artifactKey: Guid(c40daa14cc1fc8045a7fd70683ecf606) Importer(815301076,1909f56bfc062723c751e8b465ee728b)
Start importing Assets/Halloween2023 GDTV/Prefabs/Tree_4k.prefab using Guid(c40daa14cc1fc8045a7fd70683ecf606) Importer(815301076,1909f56bfc062723c751e8b465ee728b)  -> (artifact id: '456fc41d8a56fd13c95605bb93f96685') in 0.027187 seconds 
========================================================================
Received Import Request.
  Time since last request: 0.000022 seconds.
  path: Assets/Halloween2023 GDTV/Prefabs/Tree_8k.prefab
  artifactKey: Guid(5b7e6314395d9fd49ba6b59e885bbba8) Importer(815301076,1909f56bfc062723c751e8b465ee728b)
Start importing Assets/Halloween2023 GDTV/Prefabs/Tree_8k.prefab using Guid(5b7e6314395d9fd49ba6b59e885bbba8) Importer(815301076,1909f56bfc062723c751e8b465ee728b)  -> (artifact id: 'cd71d501130e62e48da5ab5ba788e364') in 0.017756 seconds 
========================================================================
Received Import Request.
  Time since last request: 3.404183 seconds.
  path: Assets/Halloween2023 GDTV/Models/Tree_2_2K.fbx
  artifactKey: Guid(08e65fca6dee0d14d8564e9c43bc8b2d) Importer(815301076,1909f56bfc062723c751e8b465ee728b)
Start importing Assets/Halloween2023 GDTV/Models/Tree_2_2K.fbx using Guid(08e65fca6dee0d14d8564e9c43bc8b2d) Importer(815301076,1909f56bfc062723c751e8b465ee728b)  -> (artifact id: '04c278f931662670a5d359f0fc8885c4') in 0.132933 seconds 
========================================================================
Received Import Request.
  Time since last request: 1.042001 seconds.
  path: Assets/Halloween2023 GDTV/Materials and Textures/Grass.mat
  artifactKey: Guid(552196d36460a16428906c79ed86ef21) Importer(815301076,1909f56bfc062723c751e8b465ee728b)
Start importing Assets/Halloween2023 GDTV/Materials and Textures/Grass.mat using Guid(552196d36460a16428906c79ed86ef21) Importer(815301076,1909f56bfc062723c751e8b465ee728b)  -> (artifact id: '1859de9f2714656a5f3e1bada723b05d') in 0.074043 seconds 
========================================================================
Received Import Request.
  Time since last request: 0.000023 seconds.
  path: Assets/Halloween2023 GDTV/Materials and Textures/Pumpkin Inside.mat
  artifactKey: Guid(bf5adc331ae6a064bb4138ded451c93f) Importer(815301076,1909f56bfc062723c751e8b465ee728b)
Start importing Assets/Halloween2023 GDTV/Materials and Textures/Pumpkin Inside.mat using Guid(bf5adc331ae6a064bb4138ded451c93f) Importer(815301076,1909f56bfc062723c751e8b465ee728b)  -> (artifact id: '7319cdef9d511fbfb9a30c9b6c57ea3c') in 0.014378 seconds 
========================================================================
Received Import Request.
  Time since last request: 1.541352 seconds.
  path: Assets/Halloween2023 GDTV/Materials and Textures/Dirt.mat
  artifactKey: Guid(74925f80d8619fd49afada8acb5752d6) Importer(815301076,1909f56bfc062723c751e8b465ee728b)
Start importing Assets/Halloween2023 GDTV/Materials and Textures/Dirt.mat using Guid(74925f80d8619fd49afada8acb5752d6) Importer(815301076,1909f56bfc062723c751e8b465ee728b)  -> (artifact id: '8dcaac5de7b520adec8cbc9cc1685dba') in 0.023446 seconds 
========================================================================
Received Import Request.
  Time since last request: 0.066317 seconds.
  path: Assets/Halloween2023 GDTV/Materials and Textures/Cat Eyes.mat
  artifactKey: Guid(a8c2f4c3b79ca984e8ffb89f5b383480) Importer(815301076,1909f56bfc062723c751e8b465ee728b)
Start importing Assets/Halloween2023 GDTV/Materials and Textures/Cat Eyes.mat using Guid(a8c2f4c3b79ca984e8ffb89f5b383480) Importer(815301076,1909f56bfc062723c751e8b465ee728b)  -> (artifact id: '61079b7a3fa47f1891fdb3ea3b9b0e2b') in 0.012780 seconds 
========================================================================
Received Import Request.
  Time since last request: 1.520159 seconds.
  path: Assets/Halloween2023 GDTV/Materials and Textures/Candle Base.mat
  artifactKey: Guid(682dee96b2beda948802d0c6859f45d6) Importer(815301076,1909f56bfc062723c751e8b465ee728b)
Start importing Assets/Halloween2023 GDTV/Materials and Textures/Candle Base.mat using Guid(682dee96b2beda948802d0c6859f45d6) Importer(815301076,1909f56bfc062723c751e8b465ee728b)  -> (artifact id: 'cc78ba853901747fd74df599bca7ec96') in 0.013940 seconds 
========================================================================
Received Import Request.
  Time since last request: 3.959868 seconds.
  path: Assets/Halloween2023 GDTV/Models/Candle_1.fbx
  artifactKey: Guid(674b4cf1f7510bf4cb387babfe195c79) Importer(815301076,1909f56bfc062723c751e8b465ee728b)
Start importing Assets/Halloween2023 GDTV/Models/Candle_1.fbx using Guid(674b4cf1f7510bf4cb387babfe195c79) Importer(815301076,1909f56bfc062723c751e8b465ee728b)  -> (artifact id: '2851e41bf4b9eba28e9a1a6a9dc57de8') in 0.029025 seconds 
========================================================================
Received Import Request.
  Time since last request: 0.000024 seconds.
  path: Assets/Halloween2023 GDTV/Models/Cloud_3.fbx
  artifactKey: Guid(69a1f2dbb718a694cac0249354a5ba67) Importer(815301076,1909f56bfc062723c751e8b465ee728b)
Start importing Assets/Halloween2023 GDTV/Models/Cloud_3.fbx using Guid(69a1f2dbb718a694cac0249354a5ba67) Importer(815301076,1909f56bfc062723c751e8b465ee728b)  -> (artifact id: '23f65ae49336cfbbe5b260ba11e56d0e') in 0.104555 seconds 
========================================================================
Received Import Request.
  Time since last request: 0.000025 seconds.
  path: Assets/Halloween2023 GDTV/Models/Coffin_Closed.fbx
  artifactKey: Guid(5cf2e5cdcfa3cc6438d30d9747a0d3c8) Importer(815301076,1909f56bfc062723c751e8b465ee728b)
Start importing Assets/Halloween2023 GDTV/Models/Coffin_Closed.fbx using Guid(5cf2e5cdcfa3cc6438d30d9747a0d3c8) Importer(815301076,1909f56bfc062723c751e8b465ee728b)  -> (artifact id: '2530ddcd130347809711c5c91364e165') in 0.056012 seconds 
